'NoneType' object has no attribute 'id'
Bot is ready
Hejnał Mariacki
guild.id: 476835326220828682
guild.id: 575414543392702480
16:52:20
Ignoring exception in command None:
discord.ext.commands.errors.CommandNotFound: Command "facts" is not found
2022-02-11 17:22:47.589688: The modern look of the U.S. flag was designed by a school child from Ohio as a school project. His teacher gave him a B-.
'NoneType' object has no attribute 'id'
['test1', 'test2']
podimid: {'test1': 1, 'test2': 0}
podimid: {'test1': 2, 'test2': 0}
2022-02-11 17:24:54.692586: though Netflix is not available in China.
'NoneType' object has no attribute 'id'
300 dupa
2022-02-11 17:28:36.864471: The name of the US state of Louisiana dates back to the time of the French colony of New France in the 18th century. It stretched from the Gulf of Mexico far into northern Canada to Newfoundland. The part south of the Great Lakes was called Louisiana in honor of Louis XIV – Louis Quatorze in French. Today’s state on the Gulf of Mexico has only a fraction of this size, but continues to bear this name.
'NoneType' object has no attribute 'id'
Godzina Papieska
guild.id: 476835326220828682
guild.id: 575414543392702480
2022-02-11 23:00:00.826372: Unlike other cats of prey, the snow leopard is not aggressive towards humans. To this day, there has not been a single known case in which a snow leopard attacked a human.
'NoneType' object has no attribute 'id'
'NoneType' object has no attribute 'id'
Ignoring exception in on_message_edit
Traceback (most recent call last):
  File "/usr/local/lib/python3.10/dist-packages/discord/client.py", line 343, in _run_event
    await coro(*args, **kwargs)
  File "/root/vipper/PyVipper/cogs/logs.py", line 136, in on_message_edit
    path = "logs/chat/C-{0}-{1}.json".format(after.guild.id, today)
AttributeError: 'NoneType' object has no attribute 'id'
'NoneType' object has no attribute 'id'
'NoneType' object has no attribute 'id'
Ignoring exception in on_message_edit
Traceback (most recent call last):
  File "/usr/local/lib/python3.10/dist-packages/discord/client.py", line 343, in _run_event
    await coro(*args, **kwargs)
  File "/root/vipper/PyVipper/cogs/logs.py", line 136, in on_message_edit
    path = "logs/chat/C-{0}-{1}.json".format(after.guild.id, today)
AttributeError: 'NoneType' object has no attribute 'id'
'NoneType' object has no attribute 'id'
Ignoring exception in on_message_edit
Traceback (most recent call last):
  File "/usr/local/lib/python3.10/dist-packages/discord/client.py", line 343, in _run_event
    await coro(*args, **kwargs)
  File "/root/vipper/PyVipper/cogs/logs.py", line 136, in on_message_edit
    path = "logs/chat/C-{0}-{1}.json".format(after.guild.id, today)
AttributeError: 'NoneType' object has no attribute 'id'
Hejnał Mariacki
guild.id: 476835326220828682
guild.id: 575414543392702480
16:52:20
Godzina Papieska
guild.id: 476835326220828682
guild.id: 575414543392702480
2022-02-12 23:00:00.165362: Terminator 2, The Silence of the Lambs, The Beauty and the Beast and the Prince of Bel Air are closer in time to the moon landing than on today’s date.
'NoneType' object has no attribute 'id'
Hejnał Mariacki
guild.id: 476835326220828682
guild.id: 575414543392702480
16:52:20
Godzina Papieska
guild.id: 476835326220828682
guild.id: 575414543392702480
2022-02-13 23:00:00.187975: When Alexander Graham Bell, the inventor of the telephone, died in 1922, all telephones in the United States and Canada were switched off for one minute on 4 August of that year.
'NoneType' object has no attribute 'id'
